Features Obtained: PROE_REP2
 NOTEBOOK
 CMM
 PROCESS_MFG
 NC-SHEETMETAL
 MOLDDESIGN-2
 Behavioral_Modeler
 Expert_Machinist
 PlasticAdvisor
 TOOLKIT
 Chinese_Translation
 Collaboration_Ext_CatiaV4
 Interactive_Surface_Design
 ISOGEN
 Mechanism_Dynamics
 Expert_Moldbase
 Progressive_Die
 Reverse_Engineering
 Collaboration
 Advanced_Framework
 Collaboration_Ext_NX
 INTF_for_CATIA_V5
 INTF_for_I-DEAS
 Intralink_8_0
 Collaboration_Ext_CatiaV5
 NC-ADVANCED
 Clearance_Creepage
 ECAD_COLLABORATION
 INTF_for_JT
 Digital_Rights_Mgt
 Tolerance_Analysis
 Manikin
 Manikin_Analysis
 Legacy_Migration
 ADVANCED_RENDER_2
 Layout_Authoring
 Layout_3D_Integration
 ObjectToolkitCpp
 Freestyle_Design_Extension
 Flexible_Modeling
 Options_Modeler
 Options_Modeler_Basic
 Options_Modeler_Enterprise
 Design_Exploration
 Update_Control
 ObjectToolkitJava
 ObjectToolkitJavaRuntime
 ObjectToolkitJavaExtension
 Harness_Stickgen
 Harness_Stickgen_Adv
 Mold_Analysis
 Collaboration_Ext_SolidWorks
 IntelligentFastnerExtension
 GDT_ADVISOR
 GDT_ASMESTANDARD_2009
 GDT_ISOSTANDARD_2012
 KEYSHOT_RENDERING
 ADDITIVE_MANUFACTURING
 SHUTOFF_FACES
 367
 CABLING
 COMPOSITE
 DIAGRAM
 NC-CHECK
 HARNESS-MFG
 DIEFACE
 ASSEMBLY
 FEM-POST
 PIPING
 SCAN_TOOLS
 CASTING
 MESH
 VERIFY
 96
 PROCESS_ASM
 MECINDEPUI
 MEC-Cus-Loads
 Options_Modeler_Enterprise_SET
Features Not Obtained: 
 MATHCAD_IMPROC
 MATHCAD_DATAPACK
 MATHCAD_SIGNAL
 MATHCAD_WAVELETS
ERROR - E:\Creo-Files\CREO\config.pro, linenum 1 :  Keyword 'TOL_MODE' is not valid.
ERROR - E:\Creo-Files\CREO\config.pro, linenum 12:  Keyword 'TOL_MODE' is not valid.
